<?xml version="1.0" encoding="utf-8"?><testsuites name="pytest tests"><testsuite name="pytest" errors="0" failures="0" skipped="0" tests="16" time="7.485" timestamp="2026-08-21T08:08:40.533799+00:00" hostname="agent-env-93062cfa-0217-4d7e-8b65-01cc8558403e"><testcase classname="tests.test_iteration36" name="test_login_cookie_and_response" time="0.387" /><testcase classname="tests.test_iteration36" name="test_register_new_user_triggers_welcome" time="1.887" /><testcase classname="tests.test_iteration36" name="test_assistant_lead_ok" time="1.166" /><testcase classname="tests.test_iteration36" name="test_assistant_lead_without_email" time="0.069" /><testcase classname="tests.test_iteration36" name="test_admin_pane_endpoints[/api/admin/stats]" time="0.128" /><testcase classname="tests.test_iteration36" name="test_admin_pane_endpoints[/api/admin/stats/trend]" time="0.129" /><testcase classname="tests.test_iteration36" name="test_admin_pane_endpoints[/api/admin/dashboard]" time="0.117" /><testcase classname="tests.test_iteration36" name="test_admin_pane_endpoints[/api/admin/users]" time="0.118" /><testcase classname="tests.test_iteration36" name="test_admin_pane_endpoints[/api/admin/students/progress]" time="0.130" /><testcase classname="tests.test_iteration36" name="test_admin_pane_endpoints[/api/admin/instructor-applications]" time="0.126" /><testcase classname="tests.test_iteration36" name="test_admin_pane_endpoints[/api/class-instances]" time="0.113" /><testcase classname="tests.test_iteration36" name="test_admin_pane_endpoints[/api/programs]" time="0.111" /><testcase classname="tests.test_iteration36" name="test_admin_pane_endpoints[/api/admin/settings]" time="0.117" /><testcase classname="tests.test_iteration36" name="test_admin_pane_endpoints[/api/admin/gift-cards]" time="0.160" /><testcase classname="tests.test_iteration36" name="test_admin_pane_endpoints[/api/bundles]" time="0.115" /><testcase classname="tests.test_iteration36" name="test_brute_force_lockout" time="2.272" /></testsuite></testsuites>