<?xml version="1.0" encoding="utf-8"?><testsuites name="pytest tests"><testsuite name="pytest" errors="0" failures="0" skipped="0" tests="5" time="10.734" timestamp="2026-08-21T21:49:59.557082+00:00" hostname="agent-env-93062cfa-0217-4d7e-8b65-01cc8558403e"><testcase classname="tests.test_iteration48.TestCreditOnly" name="test_credit_fully_covers_price" time="4.794" /><testcase classname="tests.test_iteration48.TestStrandedCreditRelease" name="test_partial_credit_reserve_and_release" time="5.461" /><testcase classname="tests.test_iteration48.TestStrandedCreditRelease" name="test_credit_release_validation" time="0.271" /><testcase classname="tests.test_iteration48.TestStrandedCreditRelease" name="test_credit_release_requires_auth" time="0.116" /><testcase classname="tests.test_iteration48.TestStrandedCreditRelease" name="test_credit_release_cross_user_isolation" time="4.569" /></testsuite></testsuites>