<?xml version="1.0" encoding="utf-8"?><testsuites name="pytest tests"><testsuite name="pytest" errors="0" failures="0" skipped="0" tests="16" time="8.155" timestamp="2026-08-22T04:38:06.009234+00:00" hostname="agent-env-93062cfa-0217-4d7e-8b65-01cc8558403e"><testcase classname="tests.test_iteration50_books.TestBooksCatalog" name="test_books_category_returns_demo_books" time="0.346" /><testcase classname="tests.test_iteration50_books.TestBooksCatalog" name="test_print_books_have_amazon_link" time="0.000" /><testcase classname="tests.test_iteration50_books.TestBooksCatalog" name="test_ebook_has_amazon_and_file" time="0.000" /><testcase classname="tests.test_iteration50_books.TestBooksCatalog" name="test_all_seeded_books_currency_eur" time="0.000" /><testcase classname="tests.test_iteration50_books.TestBooksCatalog" name="test_no_mongo_id_leak" time="0.000" /><testcase classname="tests.test_iteration50_books.TestEbookPurchaseAndDownloads" name="test_ebook_credit_only_checkout_and_downloads" time="4.363" /><testcase classname="tests.test_iteration50_books.TestOrderCreateEbookStockBypass" name="test_ebook_order_bypasses_stock" time="0.432" /><testcase classname="tests.test_iteration50_books.TestOrderCreateEbookStockBypass" name="test_print_book_zero_stock_rejected" time="0.104" /><testcase classname="tests.test_iteration50_books.TestAdminBookFields" name="test_patch_persists_book_fields" time="0.838" /><testcase classname="tests.test_iteration50_books.TestAdminBookFields" name="test_patch_requires_admin" time="0.098" /><testcase classname="tests.test_iteration50_books.TestUploadsDocs" name="test_upload_pdf" time="0.317" /><testcase classname="tests.test_iteration50_books.TestUploadsDocs" name="test_upload_rejects_unsupported_ext" time="0.150" /><testcase classname="tests.test_iteration50_books.TestRegression" name="test_products_list_ok" time="0.113" /><testcase classname="tests.test_iteration50_books.TestRegression" name="test_physical_product_order_flow" time="0.217" /><testcase classname="tests.test_iteration50_books.TestEbookPurchaseAndDownloads" name="test_downloads_empty_for_fresh_user" time="3.338" /><testcase classname="tests.test_iteration50_books.TestEbookPurchaseAndDownloads" name="test_downloads_requires_auth" time="0.103" /></testsuite></testsuites>