<?xml version="1.0" encoding="utf-8"?><testsuites name="pytest tests"><testsuite name="pytest" errors="0" failures="1" skipped="0" tests="10" time="2.460" timestamp="2026-08-21T13:18:15.600828+00:00" hostname="agent-env-93062cfa-0217-4d7e-8b65-01cc8558403e"><testcase classname="tests.test_iteration42.TestAllCourses" name="test_every_program_has_demo_video_and_lessons" time="1.580"><failure message="AssertionError: programs with lessons but no demo_video: ['Core 26+', 'Core 40 Fitness', 'Core 84 Asana Mastery', 'Core 26+', 'Core 40 Fitness', 'Core 84 Asana Mastery']&#10;assert not ['Core 26+', 'Core 40 Fitness', 'Core 84 Asana Mastery', 'Core 26+', 'Core 40 Fitness', 'Core 84 Asana Mastery']">tests/test_iteration42.py:96: in test_every_program_has_demo_video_and_lessons
    assert not missing, f"programs with lessons but no demo_video: {missing}"
E   AssertionError: programs with lessons but no demo_video: ['Core 26+', 'Core 40 Fitness', 'Core 84 Asana Mastery', 'Core 26+', 'Core 40 Fitness', 'Core 84 Asana Mastery']
E   assert not ['Core 26+', 'Core 40 Fitness', 'Core 84 Asana Mastery', 'Core 26+', 'Core 40 Fitness', 'Core 84 Asana Mastery']</failure></testcase><testcase classname="tests.test_iteration42.TestAnonProgram" name="test_title_renamed" time="0.404" /><testcase classname="tests.test_iteration42.TestAnonProgram" name="test_demo_video_present" time="0.095" /><testcase classname="tests.test_iteration42.TestAnonProgram" name="test_lesson_count_and_viewer_flags" time="0.099" /><testcase classname="tests.test_iteration42.TestAnonProgram" name="test_locked_lessons_have_no_video_url" time="0.094" /><testcase classname="tests.test_iteration42.TestAnonProgram" name="test_bundle_upsell_data_intact" time="0.105" /><testcase classname="tests.test_iteration42.TestAdminDemoField" name="test_set_and_restore_demo_video_url" time="0.939" /><testcase classname="tests.test_iteration42.TestAllCourses" name="test_no_series_suffix" time="0.094" /><testcase classname="tests.test_iteration42.TestAsanaRegression" name="test_asana_index" time="0.272" /><testcase classname="tests.test_iteration42.TestStaffProgram" name="test_staff_all_unlocked_and_demo" time="0.426" /></testsuite></testsuites>