<?xml version="1.0" encoding="utf-8"?><testsuites name="pytest tests"><testsuite name="pytest" errors="0" failures="0" skipped="0" tests="26" time="9.358" timestamp="2026-08-20T21:25:08.022023+00:00" hostname="agent-env-93062cfa-0217-4d7e-8b65-01cc8558403e"><testcase classname="tests.test_iteration26.TestLeaderboard" name="test_public_anonymous" time="0.291" /><testcase classname="tests.test_iteration26.TestLeaderboard" name="test_no_pii_leak_and_ranking" time="0.251" /><testcase classname="tests.test_iteration26.TestGiftCards" name="test_create_requires_admin" time="1.179" /><testcase classname="tests.test_iteration26.TestLeaderboard" name="test_staff_excluded" time="1.712" /><testcase classname="tests.test_iteration26.TestGiftCards" name="test_create_invalid_amount" time="0.872" /><testcase classname="tests.test_iteration26.TestGiftCards" name="test_create_list_and_code_format" time="0.338" /><testcase classname="tests.test_iteration26.TestGiftCards" name="test_check_public" time="0.230" /><testcase classname="tests.test_iteration26.TestLeaderboard" name="test_student_appears_after_practice_log" time="0.695" /><testcase classname="tests.test_iteration26.TestGiftCards" name="test_check_invalid_code_404" time="0.198" /><testcase classname="tests.test_iteration26.TestGiftCards" name="test_redeem_invalid_code_404" time="0.146" /><testcase classname="tests.test_iteration26.TestLeaderboard" name="test_limit_param" time="0.139" /><testcase classname="tests.test_iteration26.TestGiftCards" name="test_redeem_requires_auth" time="0.171" /><testcase classname="tests.test_iteration26.TestGiftCards" name="test_redeem_credits_and_double_redeem_rejected" time="3.412" /><testcase classname="tests.test_iteration26.TestAssignmentAttempts" name="test_attempts_endpoint_initial" time="0.489" /><testcase classname="tests.test_iteration26.TestAssignmentAttempts" name="test_attempts_unknown_lesson_404" time="0.179" /><testcase classname="tests.test_iteration26.TestAssignmentAttempts" name="test_enforcement" time="2.673" /><testcase classname="tests.test_iteration26.TestAssignmentAttempts" name="test_unlimited_when_zero" time="0.573" /><testcase classname="tests.test_iteration26.TestGiftCards" name="test_deactivate_blocks_redeem" time="0.684" /><testcase classname="tests.test_iteration26.TestAssignmentAttempts" name="test_negative_max_attempts_clamped" time="0.695" /><testcase classname="tests.test_iteration26.TestGiftCards" name="test_deactivate_unknown_code_404" time="0.135" /><testcase classname="tests.test_iteration26.TestCertificatesCsv" name="test_admin_csv" time="0.211" /><testcase classname="tests.test_iteration26.TestCertificatesCsv" name="test_non_admin_denied" time="0.339" /><testcase classname="tests.test_iteration26.TestNotifications" name="test_requires_auth" time="0.301" /><testcase classname="tests.test_iteration26.TestNotifications" name="test_feed_shape_and_sorting" time="0.157" /><testcase classname="tests.test_iteration26.TestNotifications" name="test_seen_resets_unread" time="0.298" /><testcase classname="tests.test_iteration26.TestNotifications" name="test_admin_feed_works" time="0.154" /></testsuite></testsuites>