<?xml version="1.0" encoding="utf-8"?><testsuites name="pytest tests"><testsuite name="pytest" errors="0" failures="0" skipped="0" tests="7" time="3.807" timestamp="2026-08-21T05:54:39.763243+00:00" hostname="agent-env-93062cfa-0217-4d7e-8b65-01cc8558403e"><testcase classname="tests.test_iteration34.TestWaitlistFlow" name="test_availability_empty" time="0.897" /><testcase classname="tests.test_iteration34.TestGallery" name="test_gallery_persisted" time="0.976" /><testcase classname="tests.test_iteration34.TestWaitlistFlow" name="test_availability_404" time="0.099" /><testcase classname="tests.test_iteration34.TestGallery" name="test_gallery_update" time="0.572" /><testcase classname="tests.test_iteration34.TestWaitlistFlow" name="test_waitlist_rejected_when_seats_available" time="0.492" /><testcase classname="tests.test_iteration34.TestWaitlistFlow" name="test_waitlist_requires_auth" time="0.097" /><testcase classname="tests.test_iteration34.TestWaitlistFlow" name="test_full_then_join_waitlist_then_promotion" time="1.436" /></testsuite></testsuites>