<?xml version="1.0" encoding="utf-8"?><testsuites name="pytest tests"><testsuite name="pytest" errors="0" failures="0" skipped="0" tests="25" time="4.617" timestamp="2026-08-21T19:01:17.465902+00:00" hostname="agent-env-93062cfa-0217-4d7e-8b65-01cc8558403e"><testcase classname="tests.test_iteration45.TestMeditationsList" name="test_list_9_published" time="0.563" /><testcase classname="tests.test_iteration45.TestMeditationsList" name="test_kind_distribution" time="0.075" /><testcase classname="tests.test_iteration45.TestMeditationsList" name="test_filter_kind[meditation]" time="0.084" /><testcase classname="tests.test_iteration45.TestMeditationsList" name="test_filter_kind[breathwork]" time="0.076" /><testcase classname="tests.test_iteration45.TestMeditationsList" name="test_filter_kind[nidra]" time="0.073" /><testcase classname="tests.test_iteration45.TestMeditationsList" name="test_filter_focus_sleep" time="0.076" /><testcase classname="tests.test_iteration45.TestMeditationsList" name="test_filter_duration_short" time="0.068" /><testcase classname="tests.test_iteration45.TestMeditationsList" name="test_filter_duration_buckets_partition" time="0.250" /><testcase classname="tests.test_iteration45.TestMeditationsList" name="test_search_q" time="0.236" /><testcase classname="tests.test_iteration45.TestMeditationsList" name="test_combined_filter" time="0.082" /><testcase classname="tests.test_iteration45.TestFacetsDailyDetail" name="test_facets" time="0.205" /><testcase classname="tests.test_iteration45.TestFacetsDailyDetail" name="test_daily_deterministic" time="0.389" /><testcase classname="tests.test_iteration45.TestFacetsDailyDetail" name="test_get_by_id" time="0.184" /><testcase classname="tests.test_iteration45.TestFacetsDailyDetail" name="test_get_unknown_404" time="0.069" /><testcase classname="tests.test_iteration45.TestAdminMeditationsCRUD" name="test_admin_list_requires_auth" time="0.344" /><testcase classname="tests.test_iteration45.TestAdminMeditationsCRUD" name="test_admin_list" time="0.124" /><testcase classname="tests.test_iteration45.TestAdminMeditationsCRUD" name="test_create_update_delete" time="0.850" /><testcase classname="tests.test_iteration45.TestAdminMeditationsCRUD" name="test_create_invalid_kind_422" time="0.071" /><testcase classname="tests.test_iteration45.TestAdminMeditationsCRUD" name="test_create_invalid_media_kind_422" time="0.067" /><testcase classname="tests.test_iteration45.TestAdminMeditationsCRUD" name="test_youtube_video_derives_id" time="0.082" /><testcase classname="tests.test_iteration45.TestAdminMeditationsCRUD" name="test_update_unknown_404" time="0.074" /><testcase classname="tests.test_iteration45.TestRegression" name="test_discover_72" time="0.091" /><testcase classname="tests.test_iteration45.TestRegression" name="test_discover_filter" time="0.093" /><testcase classname="tests.test_iteration45.TestRegression" name="test_asanas" time="0.068" /><testcase classname="tests.test_iteration45.TestRegression" name="test_course_page" time="0.262" /></testsuite></testsuites>