<?xml version="1.0" encoding="utf-8"?><testsuites name="pytest tests"><testsuite name="pytest" errors="0" failures="1" skipped="1" tests="31" time="20.555" timestamp="2026-08-21T20:59:59.935908+00:00" hostname="agent-env-93062cfa-0217-4d7e-8b65-01cc8558403e"><testcase classname="tests.test_iteration47.TestPrintful" name="test_status_guard" time="0.911" /><testcase classname="tests.test_iteration47.TestGiftCardCredit" name="test_credit_only_checkout_stripe" time="2.675" /><testcase classname="tests.test_iteration47.TestPrintful" name="test_status_requires_admin" time="0.650" /><testcase classname="tests.test_iteration47.TestPrintful" name="test_stores_list" time="1.212" /><testcase classname="tests.test_iteration47.TestGiftCardCredit" name="test_credit_only_checkout_paypal" time="1.432" /><testcase classname="tests.test_iteration47.TestPrintful" name="test_printful_products_images_ok" time="0.861" /><testcase classname="tests.test_iteration47.TestPrintful" name="test_existing_draft_order_fulfillment_readback" time="0.571" /><testcase classname="tests.test_iteration47.TestGiftCardCredit" name="test_partial_credit_reserves_and_release_refunds" time="0.260"><skipped type="pytest.skip" message="balance 753.0 exceeds program price 199.0">/app/backend/tests/test_iteration47.py:137: balance 753.0 exceeds program price 199.0</skipped></testcase><testcase classname="tests.test_iteration47.TestPrintful" name="test_fulfillment_404_for_unsent_order" time="0.101" /><testcase classname="tests.test_iteration47.TestPrintful" name="test_fulfill_requires_existing_order" time="0.136" /><testcase classname="tests.test_iteration47.TestGiftCardCredit" name="test_credit_release_rejects_unknown_session" time="0.139" /><testcase classname="tests.test_iteration47.TestPrintful" name="test_printful_webhook_idempotent" time="0.203" /><testcase classname="tests.test_iteration47.TestGiftCardCredit" name="test_credit_never_negative_concurrent" time="3.383" /><testcase classname="tests.test_iteration47.TestQuiz" name="test_beginner_foundations" time="0.348" /><testcase classname="tests.test_iteration47.TestQuiz" name="test_advanced_mastery" time="0.237" /><testcase classname="tests.test_iteration47.TestQuiz" name="test_mid_commitment_tier" time="0.269" /><testcase classname="tests.test_iteration47.TestQuiz" name="test_empty_payload_ok" time="0.163" /><testcase classname="tests.test_iteration47.TestQuiz" name="test_persists_for_logged_in_user" time="0.158" /><testcase classname="tests.test_iteration47.TestHealth" name="test_root_api" time="0.226" /><testcase classname="tests.test_iteration47.TestHealth" name="test_login_roles" time="0.162" /><testcase classname="tests.test_iteration47.TestGiftCardCredit" name="test_apply_credit_ignored_when_no_balance" time="1.218" /><testcase classname="tests.test_iteration47_partial" name="test_partial_credit_reserve_and_release" time="4.335" /><testcase classname="tests.test_iteration47_auth" name="test_bcrypt_hash_format" time="0.005" /><testcase classname="tests.test_iteration47_auth" name="test_login_sets_httponly_cookie_and_token" time="0.817" /><testcase classname="tests.test_iteration47_auth" name="test_cors_allows_credentials_with_explicit_origin" time="0.085"><failure message="AssertionError: {'date': 'Fri, 21 Aug 2026 21:00:10 GMT', 'connection': 'keep-alive', 'access-control-allow-origin': '*', 'access-control-allow-headers': '*', ...}&#10;assert None == 'true'&#10; +  where None = &lt;built-in method get of dict object at 0xfea79019ec80&gt;('access-control-allow-credentials')&#10; +    where &lt;built-in method get of dict object at 0xfea79019ec80&gt; = {'date': 'Fri, 21 Aug 2026 21:00:10 GMT', 'connection': 'keep-alive', 'access-control-allow-origin': '*', 'access-control-allow-headers': '*', ...}.get">E   AssertionError: {'date': 'Fri, 21 Aug 2026 21:00:10 GMT', 'connection': 'keep-alive', 'access-control-allow-origin': '*', 'access-control-allow-headers': '*', ...}
    assert None == 'true'
     +  where None = &lt;built-in method get of dict object at 0xfea79019ec80&gt;('access-control-allow-credentials')
     +    where &lt;built-in method get of dict object at 0xfea79019ec80&gt; = {'date': 'Fri, 21 Aug 2026 21:00:10 GMT', 'connection': 'keep-alive', 'access-control-allow-origin': '*', 'access-control-allow-headers': '*', ...}.get</failure></testcase><testcase classname="tests.test_iteration47_auth" name="test_brute_force_lockout" time="1.722" /><testcase classname="tests.test_iteration47_partial" name="test_other_user_cannot_release_my_credit" time="0.814" /><testcase classname="tests.test_iteration47_race" name="test_concurrent_reserve_never_oversells" time="6.186" /><testcase classname="tests.test_iteration47_cart" name="test_credit_paid_cart_order_skips_printful_in_test_mode" time="8.277" /><testcase classname="tests.test_iteration47_race" name="test_printful_image_hosts_and_counts" time="1.745" /><testcase classname="tests.test_iteration47_cart" name="test_draft_fulfill_for_that_order_is_admin_only" time="0.110" /></testsuite></testsuites>