<?xml version="1.0" encoding="utf-8"?><testsuites name="pytest tests"><testsuite name="pytest" errors="0" failures="0" skipped="0" tests="7" time="3.399" timestamp="2026-08-21T11:04:04.791531+00:00" hostname="agent-env-93062cfa-0217-4d7e-8b65-01cc8558403e"><testcase classname="tests.test_iteration38" name="test_login_sets_cookie_and_bcrypt" time="0.439" /><testcase classname="tests.test_iteration38" name="test_admin_upload_image" time="0.931" /><testcase classname="tests.test_iteration38" name="test_lesson_description_and_cover_persist" time="0.652" /><testcase classname="tests.test_iteration38" name="test_lesson_save_without_description_keeps_other_fields" time="0.191" /><testcase classname="tests.test_iteration38" name="test_program_related_products_persist_and_expose" time="0.422" /><testcase classname="tests.test_iteration38" name="test_related_products_ignores_bad_ids" time="0.185" /><testcase classname="tests.test_iteration38" name="test_lessons_reorder_regression" time="0.259" /></testsuite></testsuites>