<?xml version="1.0" encoding="utf-8"?><testsuites name="pytest tests"><testsuite name="pytest" errors="0" failures="0" skipped="1" tests="21" time="10.656" timestamp="2026-08-21T20:51:33.445978+00:00" hostname="agent-env-93062cfa-0217-4d7e-8b65-01cc8558403e"><testcase classname="tests.test_iteration47.TestPrintful" name="test_status_guard" time="1.074" /><testcase classname="tests.test_iteration47.TestGiftCardCredit" name="test_credit_only_checkout_stripe" time="3.227" /><testcase classname="tests.test_iteration47.TestPrintful" name="test_status_requires_admin" time="0.638" /><testcase classname="tests.test_iteration47.TestPrintful" name="test_stores_list" time="1.182" /><testcase classname="tests.test_iteration47.TestPrintful" name="test_printful_products_images_ok" time="1.865" /><testcase classname="tests.test_iteration47.TestGiftCardCredit" name="test_credit_only_checkout_paypal" time="2.553" /><testcase classname="tests.test_iteration47.TestPrintful" name="test_existing_draft_order_fulfillment_readback" time="0.470" /><testcase classname="tests.test_iteration47.TestPrintful" name="test_fulfillment_404_for_unsent_order" time="0.078" /><testcase classname="tests.test_iteration47.TestPrintful" name="test_fulfill_requires_existing_order" time="0.071" /><testcase classname="tests.test_iteration47.TestPrintful" name="test_printful_webhook_idempotent" time="0.189" /><testcase classname="tests.test_iteration47.TestQuiz" name="test_beginner_foundations" time="0.205" /><testcase classname="tests.test_iteration47.TestQuiz" name="test_advanced_mastery" time="0.193" /><testcase classname="tests.test_iteration47.TestGiftCardCredit" name="test_partial_credit_reserves_and_release_refunds" time="0.407"><skipped type="pytest.skip" message="balance 227.0 exceeds program price 199.0">/app/backend/tests/test_iteration47.py:137: balance 227.0 exceeds program price 199.0</skipped></testcase><testcase classname="tests.test_iteration47.TestQuiz" name="test_mid_commitment_tier" time="0.192" /><testcase classname="tests.test_iteration47.TestQuiz" name="test_empty_payload_ok" time="0.163" /><testcase classname="tests.test_iteration47.TestGiftCardCredit" name="test_credit_release_rejects_unknown_session" time="0.186" /><testcase classname="tests.test_iteration47.TestQuiz" name="test_persists_for_logged_in_user" time="0.203" /><testcase classname="tests.test_iteration47.TestGiftCardCredit" name="test_credit_never_negative_concurrent" time="2.702" /><testcase classname="tests.test_iteration47.TestHealth" name="test_root_api" time="0.283" /><testcase classname="tests.test_iteration47.TestHealth" name="test_login_roles" time="0.157" /><testcase classname="tests.test_iteration47.TestGiftCardCredit" name="test_apply_credit_ignored_when_no_balance" time="1.217" /></testsuite></testsuites>