<?xml version="1.0" encoding="utf-8"?><testsuites name="pytest tests"><testsuite name="pytest" errors="0" failures="0" skipped="0" tests="18" time="3.779" timestamp="2026-08-21T12:32:32.781796+00:00" hostname="agent-env-93062cfa-0217-4d7e-8b65-01cc8558403e"><testcase classname="tests.test_iteration41.TestAdminAsanaCRUD" name="test_requires_auth" time="0.251" /><testcase classname="tests.test_iteration41.TestBundle" name="test_program_exposes_bundle" time="0.268" /><testcase classname="tests.test_iteration41.TestBundle" name="test_full_set_gets_discount" time="0.512" /><testcase classname="tests.test_iteration41.TestBundle" name="test_partial_set_no_discount" time="0.134" /><testcase classname="tests.test_iteration41.TestAdminAsanaCRUD" name="test_student_forbidden" time="0.663" /><testcase classname="tests.test_iteration41.TestBundle" name="test_partial_set_journal_only_no_discount" time="0.289" /><testcase classname="tests.test_iteration41.TestBundle" name="test_bogus_bundle_program_no_discount" time="0.144" /><testcase classname="tests.test_iteration41.TestAdminAsanaCRUD" name="test_crud_lifecycle" time="1.725" /><testcase classname="tests.test_iteration41.TestBundle" name="test_order_requires_auth" time="0.132" /><testcase classname="tests.test_iteration41.TestBundle" name="test_persisted_order_matches" time="0.235" /><testcase classname="tests.test_iteration41.TestPublicAsanas" name="test_list_asanas" time="0.061" /><testcase classname="tests.test_iteration41.TestPublicAsanas" name="test_search_filter" time="0.060" /><testcase classname="tests.test_iteration41.TestPublicAsanas" name="test_search_no_match" time="0.060" /><testcase classname="tests.test_iteration41.TestPublicAsanas" name="test_categories" time="0.125" /><testcase classname="tests.test_iteration41.TestPublicAsanas" name="test_get_single_and_404" time="0.621" /><testcase classname="tests.test_iteration41.TestAdminAsanaCRUD" name="test_update_missing_404" time="0.121" /><testcase classname="tests.test_iteration41.TestAdminAsanaCRUD" name="test_create_validation" time="0.136" /><testcase classname="tests.test_iteration41.TestAdminAsanaCRUD" name="test_seeded_count_intact" time="0.509" /></testsuite></testsuites>