<?xml version="1.0" encoding="utf-8"?><testsuites name="pytest tests"><testsuite name="pytest" errors="0" failures="0" skipped="0" tests="20" time="5.692" timestamp="2026-08-20T19:23:00.246860+00:00" hostname="agent-env-2ab2618b-3d3a-499a-a3ea-54ee2b8cbf77"><testcase classname="tests.test_iteration25.TestBroadcasts" name="test_public_list_has_seeded_episodes" time="0.403" /><testcase classname="tests.test_iteration25.TestZoom" name="test_zoom_status_mock_mode" time="0.576" /><testcase classname="tests.test_iteration25.TestBroadcasts" name="test_public_media_type_filter" time="0.267" /><testcase classname="tests.test_iteration25.TestZoom" name="test_zoom_status_requires_admin" time="0.649" /><testcase classname="tests.test_iteration25.TestZoom" name="test_create_online_class_auto_zoom" time="0.290" /><testcase classname="tests.test_iteration25.TestBroadcasts" name="test_create_audio_immediate_publish" time="1.081" /><testcase classname="tests.test_iteration25.TestZoom" name="test_manual_create_meeting" time="0.188" /><testcase classname="tests.test_iteration25.TestZoom" name="test_attach_recording_clamps_days" time="0.335" /><testcase classname="tests.test_iteration25.TestBroadcasts" name="test_scheduled_video_hidden_then_publish_now" time="0.861" /><testcase classname="tests.test_iteration25.TestZoom" name="test_attach_recording_requires_url_when_mock" time="0.510" /><testcase classname="tests.test_iteration25.TestZoom" name="test_public_instance_hides_secrets" time="0.168" /><testcase classname="tests.test_iteration25.TestBroadcasts" name="test_patch_episode" time="0.477" /><testcase classname="tests.test_iteration25.TestZoom" name="test_recording_403_for_unbooked_new_student" time="0.517" /><testcase classname="tests.test_iteration25.TestZoom" name="test_recording_requires_auth" time="0.244" /><testcase classname="tests.test_iteration25.TestBroadcasts" name="test_validation_and_authz" time="1.081" /><testcase classname="tests.test_iteration25.TestZoom" name="test_booked_student_gets_recording" time="0.274" /><testcase classname="tests.test_iteration25.TestZoom" name="test_expired_recording_reported" time="0.406" /><testcase classname="tests.test_iteration25.TestZoom" name="test_remove_recording" time="0.403" /><testcase classname="tests.test_iteration25.TestBroadcasts" name="test_zz_cleanup_created_episodes" time="0.678" /><testcase classname="tests.test_iteration25.TestZoom" name="test_zz_cleanup" time="0.525" /></testsuite></testsuites>