<?xml version="1.0" encoding="utf-8"?><testsuites name="pytest tests"><testsuite name="pytest" errors="0" failures="0" skipped="0" tests="8" time="1.300" timestamp="2026-08-21T13:46:50.597203+00:00" hostname="agent-env-93062cfa-0217-4d7e-8b65-01cc8558403e"><testcase classname="tests.test_iteration43.TestLocaleParity" name="test_en_es_same_keys" time="0.001" /><testcase classname="tests.test_iteration43.TestProductBundle" name="test_products_list" time="0.390" /><testcase classname="tests.test_iteration43.TestLocaleParity" name="test_new_namespaces_translated" time="0.001" /><testcase classname="tests.test_iteration43.TestProductBundle" name="test_bundle_present[dc749b67-fb67-4349-96b0-b63f9988ff06]" time="0.083" /><testcase classname="tests.test_iteration43.TestProductBundle" name="test_bundle_present[84e6e494-93ac-4467-a262-1ac3158c229d]" time="0.079" /><testcase classname="tests.test_iteration43.TestProductBundle" name="test_non_bundle_products_have_no_bundle" time="0.238" /><testcase classname="tests.test_iteration43.TestProductBundle" name="test_bundle_unknown_product" time="0.102" /><testcase classname="tests.test_iteration43.TestProductBundle" name="test_program_still_exposes_bundle_fields" time="0.070" /></testsuite></testsuites>