<?xml version="1.0" encoding="utf-8"?><testsuites name="pytest tests"><testsuite name="pytest" errors="0" failures="0" skipped="0" tests="11" time="5.517" timestamp="2026-08-21T04:55:05.604239+00:00" hostname="agent-env-93062cfa-0217-4d7e-8b65-01cc8558403e"><testcase classname="tests.test_iteration33.TestLoginLockout" name="test_lockout_after_5_failures" time="1.942" /><testcase classname="tests.test_iteration33.TestAdminRetreatCRUD" name="test_create_requires_admin" time="0.645" /><testcase classname="tests.test_iteration33.TestAdminRetreatCRUD" name="test_create_and_persist_deposit" time="0.757" /><testcase classname="tests.test_iteration33.TestAdminRetreatCRUD" name="test_toggle_hidden_and_public_visibility" time="0.572" /><testcase classname="tests.test_iteration33.TestLoginLockout" name="test_other_account_not_locked" time="0.360" /><testcase classname="tests.test_iteration33.TestAdminRetreatCRUD" name="test_update_fields" time="0.669" /><testcase classname="tests.test_iteration33.TestLoginLockout" name="test_successful_login_clears_counter" time="2.824" /><testcase classname="tests.test_iteration33.TestAdminRetreatCRUD" name="test_patch_empty_and_404" time="0.424" /><testcase classname="tests.test_iteration33.TestAdminRetreatCRUD" name="test_reserve_uses_retreat_deposit" time="0.345" /><testcase classname="tests.test_iteration33.TestAdminRetreatCRUD" name="test_delete_and_verify" time="0.654" /><testcase classname="tests.test_iteration33.TestAdminRetreatCRUD" name="test_public_list_only_active_upcoming" time="0.112" /></testsuite></testsuites>