<?xml version="1.0" encoding="utf-8"?><testsuites name="pytest tests"><testsuite name="pytest" errors="0" failures="0" skipped="0" tests="2" time="6.898" timestamp="2026-08-21T20:52:44.601864+00:00" hostname="agent-env-93062cfa-0217-4d7e-8b65-01cc8558403e"><testcase classname="tests.test_iteration47_partial" name="test_partial_credit_reserve_and_release" time="5.760" /><testcase classname="tests.test_iteration47_partial" name="test_other_user_cannot_release_my_credit" time="0.819" /></testsuite></testsuites>