<?xml version="1.0" encoding="utf-8"?><testsuites name="pytest tests"><testsuite name="pytest" errors="0" failures="1" skipped="0" tests="12" time="16.094" timestamp="2026-08-22T06:27:05.306407+00:00" hostname="agent-env-93062cfa-0217-4d7e-8b65-01cc8558403e"><testcase classname="tests.test_iteration51.TestAssistantKnowledge" name="test_config" time="0.429" /><testcase classname="tests.test_iteration51.TestAssistantLead" name="test_lead_capture_and_admin_list" time="4.254" /><testcase classname="tests.test_iteration51.TestAssistantKnowledge" name="test_catalog_grounded_reply" time="4.428" /><testcase classname="tests.test_iteration51.TestAssistantLead" name="test_lead_requires_some_contact" time="0.047" /><testcase classname="tests.test_iteration51.TestAssistantLead" name="test_leads_admin_only" time="0.045" /><testcase classname="tests.test_iteration51.TestPassesCurrency" name="test_passes_euro" time="0.045" /><testcase classname="tests.test_iteration51.TestAdminBookEdit" name="test_price_and_images_persist" time="0.228" /><testcase classname="tests.test_iteration51.TestAssistantKnowledge" name="test_book_titles_match_catalog" time="3.116" /><testcase classname="tests.test_iteration51.TestAssistantKnowledge" name="test_ebook_price_not_rounded" time="1.775"><failure message="AssertionError: assistant quotes a rounded price (€15) instead of the real €14.99: The Pranayama &amp; Meditation Digital Guide is €15 and available as an instant eBook download. Would you like to know where to grab it, or is there anything else I can help you with?&#10;assert ('15' not in 'The Pranaya...lp you with?'&#10;  &#10;  '15' is contained here:&#10;    The Pranayama &amp; Meditation Digital Guide is €15 and available as an instant eBook download. Would you like to know where to grab it, or is there anything else I can help you with?&#10;  ?                                              ++ or '14.99' in 'The Pranayama &amp; Meditation Digital Guide is €15 and available as an instant eBook download. Would you like to know where to grab it, or is there anything else I can help you with?' or '14,99' in 'The Pranayama &amp; Meditation Digital Guide is €15 and available as an instant eBook download. Would you like to know where to grab it, or is there anything else I can help you with?')">E   AssertionError: assistant quotes a rounded price (€15) instead of the real €14.99: The Pranayama &amp; Meditation Digital Guide is €15 and available as an instant eBook download. Would you like to know where to grab it, or is there anything else I can help you with?
    assert ('15' not in 'The Pranaya...lp you with?'
      
      '15' is contained here:
        The Pranayama &amp; Meditation Digital Guide is €15 and available as an instant eBook download. Would you like to know where to grab it, or is there anything else I can help you with?
      ?                                              ++ or '14.99' in 'The Pranayama &amp; Meditation Digital Guide is €15 and available as an instant eBook download. Would you like to know where to grab it, or is there anything else I can help you with?' or '14,99' in 'The Pranayama &amp; Meditation Digital Guide is €15 and available as an instant eBook download. Would you like to know where to grab it, or is there anything else I can help you with?')</failure></testcase><testcase classname="tests.test_iteration51.TestAssistantKnowledge" name="test_beginner_recommendation" time="2.590" /><testcase classname="tests.test_iteration51.TestAssistantKnowledge" name="test_session_continuity" time="3.354" /><testcase classname="tests.test_iteration51.TestAssistantKnowledge" name="test_empty_message_rejected" time="0.049" /></testsuite></testsuites>