<?xml version="1.0" encoding="utf-8"?><testsuites name="pytest tests"><testsuite name="pytest" errors="0" failures="1" skipped="0" tests="28" time="2.560" timestamp="2026-08-21T18:24:09.769461+00:00" hostname="agent-env-93062cfa-0217-4d7e-8b65-01cc8558403e"><testcase classname="tests.test_iteration44.TestRegression" name="test_core26_program_page_data" time="0.202" /><testcase classname="tests.test_iteration44.TestDiscover" name="test_unified_list_and_fields" time="0.166" /><testcase classname="tests.test_iteration44.TestDiscover" name="test_type_program" time="0.070" /><testcase classname="tests.test_iteration44.TestRegression" name="test_asanas_endpoint" time="0.085" /><testcase classname="tests.test_iteration44.TestDiscover" name="test_type_class" time="0.080" /><testcase classname="tests.test_iteration44.TestRegression" name="test_videos_endpoint" time="0.107" /><testcase classname="tests.test_iteration44.TestDiscover" name="test_backfill_tagged_everything" time="0.090" /><testcase classname="tests.test_iteration44.TestDiscover" name="test_focus_filter[Back care]" time="0.286" /><testcase classname="tests.test_iteration44.TestDiscover" name="test_focus_filter[Flexibility]" time="0.072" /><testcase classname="tests.test_iteration44.TestAdminTagEditing" name="test_program_tags_persist_and_reflect_in_discover" time="0.921" /><testcase classname="tests.test_iteration44.TestDiscover" name="test_focus_filter[Balance]" time="0.066" /><testcase classname="tests.test_iteration44.TestDiscover" name="test_focus_filter[Strength]" time="0.083" /><testcase classname="tests.test_iteration44.TestDiscover" name="test_focus_filter[Stress relief]" time="0.084" /><testcase classname="tests.test_iteration44.TestDiscover" name="test_focus_filter[Sleep]" time="0.077" /><testcase classname="tests.test_iteration44.TestDiscover" name="test_focus_filter[Energy]" time="0.083"><failure message="AssertionError: no items for focus Energy&#10;assert 0 &gt; 0&#10; +  where 0 = len([])">E   AssertionError: no items for focus Energy
    assert 0 &gt; 0
     +  where 0 = len([])</failure></testcase><testcase classname="tests.test_iteration44.TestDiscover" name="test_focus_filter[Beginner basics]" time="0.072" /><testcase classname="tests.test_iteration44.TestDiscover" name="test_duration_short_classes" time="0.064" /><testcase classname="tests.test_iteration44.TestDiscover" name="test_duration_buckets_disjoint" time="0.284" /><testcase classname="tests.test_iteration44.TestAdminTagEditing" name="test_invalid_intensity_rejected_or_stored_safely" time="0.310" /><testcase classname="tests.test_iteration44.TestDiscover" name="test_duration_excludes_programs" time="0.089" /><testcase classname="tests.test_iteration44.TestFacets" name="test_facets_shape" time="0.134" /><testcase classname="tests.test_iteration44.TestDiscover" name="test_level_filter" time="0.143" /><testcase classname="tests.test_iteration44.TestDiscover" name="test_style_filter" time="0.067" /><testcase classname="tests.test_iteration44.TestDiscover" name="test_language_es" time="0.076" /><testcase classname="tests.test_iteration44.TestDiscover" name="test_text_search" time="0.066" /><testcase classname="tests.test_iteration44.TestDiscover" name="test_combined_filters" time="0.065" /><testcase classname="tests.test_iteration44.TestDiscover" name="test_unknown_filter_returns_empty_not_error" time="0.066" /><testcase classname="tests.test_iteration44.TestDiscover" name="test_bad_duration_value" time="0.082" /></testsuite></testsuites>