<?xml version="1.0" encoding="utf-8"?><testsuites name="pytest tests"><testsuite name="pytest" errors="0" failures="0" skipped="0" tests="21" time="12.680" timestamp="2026-08-21T20:36:40.976800+00:00" hostname="agent-env-93062cfa-0217-4d7e-8b65-01cc8558403e"><testcase classname="tests.test_iteration46.TestQuiz" name="test_advanced_mastery_path" time="0.318" /><testcase classname="tests.test_iteration46.TestQuiz" name="test_beginner_foundations_path" time="0.085" /><testcase classname="tests.test_iteration46.TestQuiz" name="test_mid_commitment_gets_inperson_plan" time="0.081" /><testcase classname="tests.test_iteration46.TestQuiz" name="test_empty_payload_still_returns_recommendation" time="0.072" /><testcase classname="tests.test_iteration46.TestQuiz" name="test_bad_types_rejected" time="0.076" /><testcase classname="tests.test_iteration46.TestQuiz" name="test_logged_in_persists_quiz_result" time="0.543" /><testcase classname="tests.test_iteration46.TestGiftCardCredit" name="test_store_credit_endpoint_requires_auth" time="0.118" /><testcase classname="tests.test_iteration46.TestGiftCardCredit" name="test_double_redeem_blocked" time="0.716" /><testcase classname="tests.test_iteration46.TestGiftCardCredit" name="test_invalid_code" time="0.077" /><testcase classname="tests.test_iteration46.TestGiftCardCredit" name="test_credit_only_checkout_dropin" time="1.683" /><testcase classname="tests.test_iteration46.TestGiftCardCredit" name="test_partial_credit_creates_gateway_session" time="1.204" /><testcase classname="tests.test_iteration46.TestGiftCardCredit" name="test_no_credit_flag_starts_normal_session" time="0.667" /><testcase classname="tests.test_iteration46.TestGiftCardCredit" name="test_membership_credit_applies_when_subscriptions_disabled" time="2.419" /><testcase classname="tests.test_iteration46.TestGiftCardCredit" name="test_paypal_create_order_accepts_apply_credit" time="0.346" /><testcase classname="tests.test_iteration46.TestPrintfulFulfillment" name="test_status_flags" time="0.091" /><testcase classname="tests.test_iteration46.TestPrintfulFulfillment" name="test_status_requires_admin" time="0.078" /><testcase classname="tests.test_iteration46.TestPrintfulFulfillment" name="test_admin_orders_list_contains_order" time="0.458" /><testcase classname="tests.test_iteration46.TestPrintfulFulfillment" name="test_send_draft_then_read_fulfillment" time="1.728" /><testcase classname="tests.test_iteration46.TestPrintfulFulfillment" name="test_fulfill_unknown_order_404" time="0.088" /><testcase classname="tests.test_iteration46.TestPrintfulFulfillment" name="test_fulfill_requires_admin" time="0.083" /><testcase classname="tests.test_iteration46.TestPrintfulFulfillment" name="test_printful_stores_sync_regression" time="1.658" /></testsuite></testsuites>