<?xml version="1.0" encoding="utf-8"?><testsuites name="pytest tests"><testsuite name="pytest" errors="0" failures="0" skipped="0" tests="22" time="63.465" timestamp="2026-08-21T07:32:20.468662+00:00" hostname="agent-env-93062cfa-0217-4d7e-8b65-01cc8558403e"><testcase classname="tests.test_iteration35.TestUploads" name="test_admin_upload_and_public_serve" time="1.059" /><testcase classname="tests.test_iteration35.TestCancelRefund" name="test_cancel_paid_more_than_60_days_out_is_refund_pending" time="1.081" /><testcase classname="tests.test_iteration35.TestCancelRefund" name="test_cancel_paid_within_60_days_is_non_refundable" time="0.322" /><testcase classname="tests.test_iteration35.TestCancelRefund" name="test_cancel_unpaid_is_not_applicable_and_repeat_is_400" time="0.232" /><testcase classname="tests.test_iteration35.TestUploads" name="test_non_admin_upload_rejected" time="0.455" /><testcase classname="tests.test_iteration35.TestUploads" name="test_anonymous_upload_rejected" time="0.114" /><testcase classname="tests.test_iteration35.TestUploads" name="test_non_image_rejected" time="0.133" /><testcase classname="tests.test_iteration35.TestCancelRefund" name="test_cancel_other_users_reservation_forbidden" time="0.176" /><testcase classname="tests.test_iteration35.TestUploads" name="test_unknown_file_404" time="0.122" /><testcase classname="tests.test_iteration35.TestCancelRefund" name="test_cancel_unknown_reservation_404" time="0.102" /><testcase classname="tests.test_iteration35.TestCancelRefund" name="test_cancel_requires_auth" time="0.149" /><testcase classname="tests.test_iteration35.TestUploads" name="test_admin_can_save_gallery_urls" time="0.520" /><testcase classname="tests.test_iteration35.TestWaitlistExpiry" name="test_expire_tick_promotes_next_waitlister" time="60.015" /><testcase classname="tests.test_iteration35.TestAuthPlaybook" name="test_bcrypt_hash_format" time="0.005" /><testcase classname="tests.test_iteration35.TestAuthPlaybook" name="test_login_sets_httponly_cookie" time="0.326" /><testcase classname="tests.test_iteration35.TestAuthPlaybook" name="test_brute_force_lockout" time="0.924" /><testcase classname="tests.test_iteration35.TestAuthPlaybook" name="test_me_endpoint" time="0.103" /><testcase classname="tests.test_iteration35.TestRetreatData" name="test_active_retreat_starts_december_2026" time="0.000" /><testcase classname="tests.test_iteration35.TestRetreatData" name="test_workshops_list_has_no_mongo_id" time="0.136" /><testcase classname="tests.test_iteration35.TestReserveFlow" name="test_reserve_and_mine_and_cancel" time="0.525" /><testcase classname="tests.test_iteration35.TestWaitlistExpiry" name="test_cancel_promotes_waitlister_with_48h_window" time="0.237" /><testcase classname="tests.test_iteration35.TestWaitlistExpiry" name="test_waitlist_join_rejected_when_seats_available" time="0.258" /></testsuite></testsuites>