<?xml version="1.0" encoding="utf-8"?><testsuites name="pytest tests"><testsuite name="pytest" errors="0" failures="0" skipped="0" tests="12" time="4.425" timestamp="2026-08-21T04:35:03.334549+00:00" hostname="agent-env-93062cfa-0217-4d7e-8b65-01cc8558403e"><testcase classname="tests.test_iteration32.TestLeadsCsvExport" name="test_anon_denied" time="0.352" /><testcase classname="tests.test_iteration32.TestRememberMe" name="test_login_exp_and_cookie[None-7]" time="0.888" /><testcase classname="tests.test_iteration32.TestLeadsCsvExport" name="test_student_forbidden" time="0.590" /><testcase classname="tests.test_iteration32.TestRememberMe" name="test_login_exp_and_cookie[True-30]" time="0.558" /><testcase classname="tests.test_iteration32.TestLeadsCsvExport" name="test_admin_csv_ok" time="0.862" /><testcase classname="tests.test_iteration32.TestRememberMe" name="test_login_exp_and_cookie[False-1]" time="0.504" /><testcase classname="tests.test_iteration32.TestLeadsCsvExport" name="test_csv_row_count_matches_leads_api" time="0.269" /><testcase classname="tests.test_iteration32.TestRememberMe" name="test_remember_invalid_type_rejected" time="0.105" /><testcase classname="tests.test_iteration32.TestRememberMe" name="test_bad_password_still_401" time="0.335" /><testcase classname="tests.test_iteration32.TestRememberMe" name="test_admin_login_remember_true" time="0.440" /><testcase classname="tests.test_iteration32_leadseed" name="test_csv_contains_seeded_rows_with_correct_escaping" time="1.050" /><testcase classname="tests.test_iteration32_leadseed" name="test_csv_count_matches_leads_api" time="0.319" /></testsuite></testsuites>